2025-09-15 22:22:02,182 - __main__ - INFO - === Starting Debug Free Model Check ===
2025-09-15 22:22:02,187 - __main__ - INFO - User: Mostafa (ID: 1)
2025-09-15 22:22:02,187 - __main__ - INFO - AI Model: sonoma-dusk-alpha (ID: 6, Free: True)
2025-09-15 22:22:02,187 - __main__ - INFO - Subscription: Basic (ID: 1)
2025-09-15 22:22:02,188 - __main__ - INFO - Subscription limits:
2025-09-15 22:22:02,188 - __main__ - INFO -   max_tokens_free: 1000
2025-09-15 22:22:02,188 - __main__ - INFO -   hourly_max_tokens: 0
2025-09-15 22:22:02,188 - __main__ - INFO -   three_hours_max_tokens: 0
2025-09-15 22:22:02,189 - __main__ - INFO -   twelve_hours_max_tokens: 0
2025-09-15 22:22:02,189 - __main__ - INFO -   daily_max_tokens: 0
2025-09-15 22:22:02,189 - __main__ - INFO -   weekly_max_tokens: 0
2025-09-15 22:22:02,189 - __main__ - INFO -   monthly_max_tokens: 0
2025-09-15 22:22:02,189 - __main__ - INFO -   monthly_free_model_messages: 0
2025-09-15 22:22:02,189 - __main__ - INFO -   monthly_free_model_tokens: 0
2025-09-15 22:22:02,190 - __main__ - INFO - === Running Comprehensive Check ===
2025-09-15 22:22:02,190 - subscriptions.services - INFO - Starting comprehensive check for user 1, AI model: sonoma-dusk-alpha, Subscription: Basic
2025-09-15 22:22:02,190 - subscriptions.services - DEBUG - Is free model: True
2025-09-15 22:22:02,190 - subscriptions.services - INFO - Processing free model usage checks
2025-09-15 22:22:02,190 - subscriptions.services - DEBUG - Checking max_tokens_free limit: 1000
2025-09-15 22:22:02,190 - subscriptions.services - DEBUG - Getting total tokens from chat sessions for user 1
2025-09-15 22:22:02,191 - subscriptions.services - DEBUG - Total tokens from chat sessions - Total: 2401, Free model: 3359
2025-09-15 22:22:02,192 - subscriptions.services - DEBUG - Total free tokens used: 3359
2025-09-15 22:22:02,192 - subscriptions.services - INFO - Max free tokens limit exceeded: شما به حد مجاز توکن‌های رایگان (1000 عدد) رسیده‌اید
2025-09-15 22:22:02,192 - __main__ - INFO - Result: Within limit = False
2025-09-15 22:22:02,192 - __main__ - INFO - Message: شما به حد مجاز توکن‌های رایگان (1000 عدد) رسیده‌اید
2025-09-15 22:22:02,192 - __main__ - INFO - === Debug Free Model Check Completed ===
